client/src/components/ui/carousel.tsx(4,8): error TS2307: Cannot find module 'embla-carousel-react' or its corresponding type declarations.
client/src/components/ui/chart.tsx(117,7): error TS2339: Property 'payload' does not exist on type 'Omit<Omit<Props<ValueType, NameType>, PropertiesReadFromContext> & { active?: boolean | undefined; allowEscapeViewBox?: AllowInDimension | undefined; ... 24 more ...; wrapperStyle?: CSSProperties | undefined; } & ClassAttributes<...> & HTMLAttributes<...> & { ...; }, "ref">'.
client/src/components/ui/chart.tsx(122,7): error TS2339: Property 'label' does not exist on type 'Omit<Omit<Props<ValueType, NameType>, PropertiesReadFromContext> & { active?: boolean | undefined; allowEscapeViewBox?: AllowInDimension | undefined; ... 24 more ...; wrapperStyle?: CSSProperties | undefined; } & ClassAttributes<...> & HTMLAttributes<...> & { ...; }, "ref">'.
client/src/components/ui/chart.tsx(187,22): error TS7006: Parameter 'item' implicitly has an 'any' type.
client/src/components/ui/chart.tsx(188,19): error TS7006: Parameter 'item' implicitly has an 'any' type.
client/src/components/ui/chart.tsx(188,25): error TS7006: Parameter 'index' implicitly has an 'any' type.
client/src/components/ui/chart.tsx(264,41): error TS2344: Type '"verticalAlign" | "payload"' does not satisfy the constraint '"string" | "method" | "filter" | "fill" | "values" | "slot" | "style" | "clipPath" | "mask" | "path" | "key" | "type" | "suppressHydrationWarning" | "className" | "id" | "lang" | ... 433 more ... | "onBBoxUpdate"'.
  Type '"payload"' is not assignable to type '"string" | "method" | "filter" | "fill" | "values" | "slot" | "style" | "clipPath" | "mask" | "path" | "key" | "type" | "suppressHydrationWarning" | "className" | "id" | "lang" | ... 433 more ... | "onBBoxUpdate"'.
client/src/components/ui/chart.tsx(275,19): error TS2339: Property 'length' does not exist on type '{}'.
client/src/components/ui/chart.tsx(289,12): error TS2339: Property 'filter' does not exist on type '{}'.
client/src/components/ui/chart.tsx(289,20): error TS7006: Parameter 'item' implicitly has an 'any' type.
client/src/components/ui/chart.tsx(290,17): error TS7006: Parameter 'item' implicitly has an 'any' type.
client/src/components/ui/drawer.tsx(2,43): error TS2307: Cannot find module 'vaul' or its corresponding type declarations.
client/src/components/ui/glass.tsx(7,6): error TS2322: Type '{ children: ReactNode; defaultChecked?: boolean | undefined; defaultValue?: string | number | readonly string[] | undefined; suppressContentEditableWarning?: boolean | undefined; ... 276 more ...; className: string; }' is not assignable to type 'Omit<HTMLMotionProps<"div">, "ref">'.
  Types of property 'onDrag' are incompatible.
    Type 'DragEventHandler<HTMLDivElement> | undefined' is not assignable to type '((event: MouseEvent | TouchEvent | PointerEvent, info: PanInfo) => void) | undefined'.
      Type 'DragEventHandler<HTMLDivElement>' is not assignable to type '(event: MouseEvent | TouchEvent | PointerEvent, info: PanInfo) => void'.
        Types of parameters 'event' and 'event' are incompatible.
          Type 'MouseEvent | TouchEvent | PointerEvent' is not assignable to type 'DragEvent<HTMLDivElement>'.
            Type 'MouseEvent' is missing the following properties from type 'DragEvent<HTMLDivElement>': dataTransfer, nativeEvent, isDefaultPrevented, isPropagationStopped, persist
client/src/components/ui/glass.tsx(43,6): error TS2322: Type '{ disabled?: boolean | undefined; form?: string | undefined; formAction?: string | ((formData: FormData) => void | Promise<void>) | undefined; formEncType?: string | undefined; ... 285 more ...; className: string; }' is not assignable to type 'Omit<HTMLMotionProps<"button">, "ref">'.
  Types of property 'onDrag' are incompatible.
    Type 'DragEventHandler<HTMLButtonElement> | undefined' is not assignable to type '((event: MouseEvent | TouchEvent | PointerEvent, info: PanInfo) => void) | undefined'.
      Type 'DragEventHandler<HTMLButtonElement>' is not assignable to type '(event: MouseEvent | TouchEvent | PointerEvent, info: PanInfo) => void'.
        Types of parameters 'event' and 'event' are incompatible.
          Type 'MouseEvent | TouchEvent | PointerEvent' is not assignable to type 'DragEvent<HTMLButtonElement>'.
            Type 'MouseEvent' is missing the following properties from type 'DragEvent<HTMLButtonElement>': dataTransfer, nativeEvent, isDefaultPrevented, isPropagationStopped, persist
client/src/components/ui/input-otp.tsx(2,43): error TS2307: Cannot find module 'input-otp' or its corresponding type declarations.
client/src/components/ui/input-otp.tsx(36,44): error TS18046: 'inputOTPContext' is of type 'unknown'.
client/src/components/ui/resizable.tsx(4,37): error TS2307: Cannot find module 'react-resizable-panels' or its corresponding type declarations.
client/src/components/ui/sonner.tsx(3,26): error TS2307: Cannot find module 'next-themes' or its corresponding type declarations.
client/src/lib/store.ts(26,42): error TS2345: Argument of type '(set: (partial: Partial<AppState> | ((state: AppState) => Partial<AppState>), replace?: boolean | undefined) => void, get: () => AppState) => { isAdminLogged: false; loggedStudent: null; ... 14 more ...; updateProgress: (studentUsername: string, taskId: string, stageId: string, completed: boolean) => Promise<...>; }' is not assignable to parameter of type 'StateCreator<AppState, [], []>'.
  Type '(set: (partial: Partial<AppState> | ((state: AppState) => Partial<AppState>), replace?: boolean | undefined) => void, get: () => AppState) => { isAdminLogged: false; loggedStudent: null; ... 14 more ...; updateProgress: (studentUsername: string, taskId: string, stageId: string, completed: boolean) => Promise<...>; }' is not assignable to type '(setState: { (partial: AppState | Partial<AppState> | ((state: AppState) => AppState | Partial<AppState>), replace?: false | undefined): void; (state: AppState | ((state: AppState) => AppState), replace: true): void; }, getState: () => AppState, store: StoreApi<...>) => AppState'.
    Types of parameters 'set' and 'setState' are incompatible.
      Type '{ (partial: AppState | Partial<AppState> | ((state: AppState) => AppState | Partial<AppState>), replace?: false | undefined): void; (state: AppState | ((state: AppState) => AppState), replace: true): void; }' is not assignable to type '(partial: Partial<AppState> | ((state: AppState) => Partial<AppState>), replace?: boolean | undefined) => void'.
        Types of parameters 'replace' and 'replace' are incompatible.
          Type 'boolean | undefined' is not assignable to type 'false | undefined'.
            Type 'true' is not assignable to type 'false'.
client/src/pages/AdminDashboard.tsx(3,20): error TS2459: Module '"@/lib/store"' declares 'Student' locally, but it is not exported.
client/src/pages/AdminDashboard.tsx(3,29): error TS2459: Module '"@/lib/store"' declares 'Task' locally, but it is not exported.
client/src/pages/StudentDashboard.tsx(3,20): error TS2459: Module '"@/lib/store"' declares 'Task' locally, but it is not exported.
client/src/pages/StudentDashboard.tsx(108,31): error TS7006: Parameter 'stage' implicitly has an 'any' type.
